<?xml version="1.0" encoding="UTF-8"?>
<!-- Generated by org.testng.reporters.JUnitReportReporter -->
<testsuite skipped="13" hostname="AMJT" name="modulesTab.SegmentsDashboardTopSegmentsByPassengers" tests="14" failures="1" timestamp="25 Aug 2018 04:14:41 GMT" time="20.484" errors="0">
  <testcase name="clickTopSegmentsByPassengersTab" time="20.484" classname="modulesTab.SegmentsDashboardTopSegmentsByPassengers">
    <failure type="java.lang.AssertionError" message="expected [true] but found [false]">
      <![CDATA[java.lang.AssertionError: expected [true] but found [false]
at org.testng.Assert.fail(Assert.java:96)
at org.testng.Assert.failNotEquals(Assert.java:776)
at org.testng.Assert.assertTrue(Assert.java:44)
at org.testng.Assert.assertTrue(Assert.java:54)
at modulesTab.SegmentsDashboardTopSegmentsByPassengers.clickTopSegmentsByPassengersTab(SegmentsDashboardTopSegmentsByPassengers.java:56)
at sun.reflect.NativeMethodAccessorImpl.invoke0(Native Method)
at sun.reflect.NativeMethodAccessorImpl.invoke(Unknown Source)
at sun.reflect.DelegatingMethodAccessorImpl.invoke(Unknown Source)
at java.lang.reflect.Method.invoke(Unknown Source)
at org.testng.internal.MethodInvocationHelper.invokeMethod(MethodInvocationHelper.java:124)
at org.testng.internal.MethodInvocationHelper.invokeMethodConsideringTimeout(MethodInvocationHelper.java:59)
at org.testng.internal.Invoker.invokeConfigurationMethod(Invoker.java:455)
at org.testng.internal.Invoker.invokeConfigurations(Invoker.java:222)
at org.testng.internal.Invoker.invokeConfigurations(Invoker.java:142)
at org.testng.internal.TestMethodWorker.invokeBeforeClassMethods(TestMethodWorker.java:168)
at org.testng.internal.TestMethodWorker.run(TestMethodWorker.java:105)
at org.testng.TestRunner.privateRun(TestRunner.java:648)
at org.testng.TestRunner.run(TestRunner.java:505)
at org.testng.SuiteRunner.runTest(SuiteRunner.java:455)
at org.testng.SuiteRunner.runSequentially(SuiteRunner.java:450)
at org.testng.SuiteRunner.privateRun(SuiteRunner.java:415)
at org.testng.SuiteRunner.run(SuiteRunner.java:364)
at org.testng.SuiteRunnerWorker.runSuite(SuiteRunnerWorker.java:52)
at org.testng.SuiteRunnerWorker.run(SuiteRunnerWorker.java:84)
at org.testng.TestNG.runSuitesSequentially(TestNG.java:1208)
at org.testng.TestNG.runSuitesLocally(TestNG.java:1137)
at org.testng.TestNG.runSuites(TestNG.java:1049)
at org.testng.TestNG.run(TestNG.java:1017)
at org.testng.remote.AbstractRemoteTestNG.run(AbstractRemoteTestNG.java:114)
at org.testng.remote.RemoteTestNG.initAndRun(RemoteTestNG.java:251)
at org.testng.remote.RemoteTestNG.main(RemoteTestNG.java:77)
]]>
    </failure>
  </testcase> <!-- clickTopSegmentsByPassengersTab -->
  <testcase name="checkBoxFilterAgentGroups" time="0.000" classname="modulesTab.SegmentsDashboardTopSegmentsByPassengers">
    <skipped/>
  </testcase> <!-- checkBoxFilterAgentGroups -->
  <testcase name="checkBoxFilterIATANo" time="0.000" classname="modulesTab.SegmentsDashboardTopSegmentsByPassengers">
    <skipped/>
  </testcase> <!-- checkBoxFilterIATANo -->
  <testcase name="selectFilterYear" time="0.000" classname="modulesTab.SegmentsDashboardTopSegmentsByPassengers">
    <skipped/>
  </testcase> <!-- selectFilterYear -->
  <testcase name="selectFilterMonth" time="0.000" classname="modulesTab.SegmentsDashboardTopSegmentsByPassengers">
    <skipped/>
  </testcase> <!-- selectFilterMonth -->
  <testcase name="checkBoxFilterMarketedCarrier" time="0.000" classname="modulesTab.SegmentsDashboardTopSegmentsByPassengers">
    <skipped/>
  </testcase> <!-- checkBoxFilterMarketedCarrier -->
  <testcase name="checkBoxFilterClasses" time="0.000" classname="modulesTab.SegmentsDashboardTopSegmentsByPassengers">
    <skipped/>
  </testcase> <!-- checkBoxFilterClasses -->
  <testcase name="checkBoxFilterDomInt" time="0.000" classname="modulesTab.SegmentsDashboardTopSegmentsByPassengers">
    <skipped/>
  </testcase> <!-- checkBoxFilterDomInt -->
  <testcase name="selectFilterPBNR" time="0.000" classname="modulesTab.SegmentsDashboardTopSegmentsByPassengers">
    <skipped/>
  </testcase> <!-- selectFilterPBNR -->
  <testcase name="checkBoxFilterPlatedCarrier" time="0.000" classname="modulesTab.SegmentsDashboardTopSegmentsByPassengers">
    <skipped/>
  </testcase> <!-- checkBoxFilterPlatedCarrier -->
  <testcase name="checkBoxFilterPlatedYear" time="0.000" classname="modulesTab.SegmentsDashboardTopSegmentsByPassengers">
    <skipped/>
  </testcase> <!-- checkBoxFilterPlatedYear -->
  <testcase name="checkBoxFilterPlatedMonth" time="0.000" classname="modulesTab.SegmentsDashboardTopSegmentsByPassengers">
    <skipped/>
  </testcase> <!-- checkBoxFilterPlatedMonth -->
  <testcase name="selectFilterLimit" time="0.000" classname="modulesTab.SegmentsDashboardTopSegmentsByPassengers">
    <skipped/>
  </testcase> <!-- selectFilterLimit -->
  <testcase name="checkBoxFilterNoTax" time="0.000" classname="modulesTab.SegmentsDashboardTopSegmentsByPassengers">
    <skipped/>
  </testcase> <!-- checkBoxFilterNoTax -->
</testsuite> <!-- modulesTab.SegmentsDashboardTopSegmentsByPassengers -->
