<?xml version="1.0" encoding="UTF-8"?>
<!-- Generated by org.testng.reporters.JUnitReportReporter -->
<testsuite skipped="0" hostname="AMJT" name="base.FlightDashboard" tests="1" failures="0" timestamp="09 Sep 2018 10:59:49 GMT" time="21.823" errors="0">
  <testcase name="clickFlightDashboardLink" time="21.823" classname="base.FlightDashboard"/>
</testsuite> <!-- base.FlightDashboard -->
