<?xml version="1.0" encoding="UTF-8"?>
<!-- Generated by org.testng.reporters.JUnitReportReporter -->
<testsuite skipped="0" hostname="AMJT" name="modulesTab.AirlineDashboardCumulativePerformance" tests="10" failures="0" timestamp="22 Aug 2018 04:21:45 GMT" time="122.003" errors="0">
  <testcase name="checkBoxFilterMarketedCarrier" time="43.555" classname="modulesTab.AirlineDashboardCumulativePerformance"/>
  <testcase name="checkBoxFilterPlatedCarrier" time="8.610" classname="modulesTab.AirlineDashboardCumulativePerformance"/>
  <testcase name="selectFilterYear" time="1.342" classname="modulesTab.AirlineDashboardCumulativePerformance"/>
  <testcase name="selectFilterMonth" time="2.143" classname="modulesTab.AirlineDashboardCumulativePerformance"/>
  <testcase name="checkBoxFilterAgentGroups" time="7.084" classname="modulesTab.AirlineDashboardCumulativePerformance"/>
  <testcase name="checkBoxFilterIATANo" time="11.151" classname="modulesTab.AirlineDashboardCumulativePerformance"/>
  <testcase name="checkBoxFilterDomInt" time="10.043" classname="modulesTab.AirlineDashboardCumulativePerformance"/>
  <testcase name="selectFilterPBNR" time="0.869" classname="modulesTab.AirlineDashboardCumulativePerformance"/>
  <testcase name="checkBoxFilterTransCode" time="26.299" classname="modulesTab.AirlineDashboardCumulativePerformance"/>
  <testcase name="checkBoxFilterNoTax" time="10.907" classname="modulesTab.AirlineDashboardCumulativePerformance"/>
</testsuite> <!-- modulesTab.AirlineDashboardCumulativePerformance -->
