<?xml version="1.0" encoding="UTF-8"?>
<!-- Generated by org.testng.reporters.JUnitReportReporter -->
<testsuite skipped="0" hostname="AMJT" name="base.SingleFlightDashboard" tests="1" failures="0" timestamp="27 Aug 2018 04:12:31 GMT" time="17.501" errors="0">
  <testcase name="clickSingleFlightDashboardLink" time="17.501" classname="base.SingleFlightDashboard"/>
</testsuite> <!-- base.SingleFlightDashboard -->
