<?xml version="1.0" encoding="UTF-8"?>
<!-- Generated by org.testng.reporters.JUnitReportReporter -->
<testsuite skipped="0" hostname="AMJT" name="modulesTab.SegmentsDashboardTopSegmentsByRevenue" tests="13" failures="0" timestamp="22 Aug 2018 04:21:45 GMT" time="172.133" errors="0">
  <testcase name="checkBoxFilterAgentGroups" time="6.864" classname="modulesTab.SegmentsDashboardTopSegmentsByRevenue"/>
  <testcase name="checkBoxFilterIATANo" time="15.142" classname="modulesTab.SegmentsDashboardTopSegmentsByRevenue"/>
  <testcase name="selectFilterYear" time="4.928" classname="modulesTab.SegmentsDashboardTopSegmentsByRevenue"/>
  <testcase name="selectFilterMonth" time="1.056" classname="modulesTab.SegmentsDashboardTopSegmentsByRevenue"/>
  <testcase name="checkBoxFilterMarketedCarrier" time="50.961" classname="modulesTab.SegmentsDashboardTopSegmentsByRevenue"/>
  <testcase name="checkBoxFilterClasses" time="32.064" classname="modulesTab.SegmentsDashboardTopSegmentsByRevenue"/>
  <testcase name="checkBoxFilterDomInt" time="9.824" classname="modulesTab.SegmentsDashboardTopSegmentsByRevenue"/>
  <testcase name="selectFilterPBNR" time="0.855" classname="modulesTab.SegmentsDashboardTopSegmentsByRevenue"/>
  <testcase name="checkBoxFilterPlatedCarrier" time="8.942" classname="modulesTab.SegmentsDashboardTopSegmentsByRevenue"/>
  <testcase name="checkBoxFilterPlatedYear" time="10.147" classname="modulesTab.SegmentsDashboardTopSegmentsByRevenue"/>
  <testcase name="checkBoxFilterPlatedMonth" time="19.398" classname="modulesTab.SegmentsDashboardTopSegmentsByRevenue"/>
  <testcase name="selectFilterLimit" time="1.904" classname="modulesTab.SegmentsDashboardTopSegmentsByRevenue"/>
  <testcase name="checkBoxFilterNoTax" time="10.048" classname="modulesTab.SegmentsDashboardTopSegmentsByRevenue"/>
</testsuite> <!-- modulesTab.SegmentsDashboardTopSegmentsByRevenue -->
