<?xml version="1.0" encoding="UTF-8"?>
<!-- Generated by org.testng.reporters.JUnitReportReporter -->
<testsuite skipped="0" hostname="AMJT" name="base.FaresDashboard" tests="1" failures="0" timestamp="25 Oct 2018 08:23:04 GMT" time="11.634" errors="0">
  <testcase name="clickFaresDashboardLink" time="11.634" classname="base.FaresDashboard"/>
</testsuite> <!-- base.FaresDashboard -->
