<?xml version="1.0" encoding="UTF-8"?>
<!-- Generated by org.testng.reporters.JUnitReportReporter -->
<testsuite skipped="0" hostname="AMJT" name="modulesTab.DestinationDashboardDestinationPassengers" tests="9" failures="0" timestamp="26 Aug 2018 02:04:45 GMT" time="52.713" errors="0">
  <testcase name="checkBoxFilterCarrier" time="8.486" classname="modulesTab.DestinationDashboardDestinationPassengers"/>
  <testcase name="selectFilterYear" time="1.557" classname="modulesTab.DestinationDashboardDestinationPassengers"/>
  <testcase name="selectFilterMonth" time="1.068" classname="modulesTab.DestinationDashboardDestinationPassengers"/>
  <testcase name="checkBoxFilterAgentGroups" time="6.945" classname="modulesTab.DestinationDashboardDestinationPassengers"/>
  <testcase name="checkBoxFilterIATANo" time="10.720" classname="modulesTab.DestinationDashboardDestinationPassengers"/>
  <testcase name="checkBoxFilterDomInt" time="9.707" classname="modulesTab.DestinationDashboardDestinationPassengers"/>
  <testcase name="selectFilterPBNR" time="0.976" classname="modulesTab.DestinationDashboardDestinationPassengers"/>
  <testcase name="selectFilterLimit" time="1.990" classname="modulesTab.DestinationDashboardDestinationPassengers"/>
  <testcase name="checkBoxFilterNoTax" time="11.264" classname="modulesTab.DestinationDashboardDestinationPassengers"/>
</testsuite> <!-- modulesTab.DestinationDashboardDestinationPassengers -->
