<?xml version="1.0" encoding="UTF-8"?>
<!-- Generated by org.testng.reporters.JUnitReportReporter -->
<testsuite skipped="0" hostname="AMJT" name="modulesTab.FlightDashboardFlightPassengers" tests="12" failures="0" timestamp="09 Sep 2018 10:59:49 GMT" time="206.801" errors="0">
  <testcase name="checkBoxFilterAgentGroups" time="7.012" classname="modulesTab.FlightDashboardFlightPassengers"/>
  <testcase name="checkBoxFilterIATANo" time="44.218" classname="modulesTab.FlightDashboardFlightPassengers"/>
  <testcase name="selectFilterYear" time="1.730" classname="modulesTab.FlightDashboardFlightPassengers"/>
  <testcase name="selectFilterMonth" time="1.306" classname="modulesTab.FlightDashboardFlightPassengers"/>
  <testcase name="checkBoxFilterMarketedCarrier" time="59.082" classname="modulesTab.FlightDashboardFlightPassengers"/>
  <testcase name="checkBoxFilterDomInt" time="12.428" classname="modulesTab.FlightDashboardFlightPassengers"/>
  <testcase name="selectFilterPBNR" time="0.961" classname="modulesTab.FlightDashboardFlightPassengers"/>
  <testcase name="checkBoxFilterPlatedCarrier" time="9.304" classname="modulesTab.FlightDashboardFlightPassengers"/>
  <testcase name="checkBoxFilterPlatedYear" time="16.901" classname="modulesTab.FlightDashboardFlightPassengers"/>
  <testcase name="checkBoxFilterPlatedMonth" time="37.877" classname="modulesTab.FlightDashboardFlightPassengers"/>
  <testcase name="selectFilterLimit" time="5.606" classname="modulesTab.FlightDashboardFlightPassengers"/>
  <testcase name="clickClearFilters" time="10.376" classname="modulesTab.FlightDashboardFlightPassengers"/>
</testsuite> <!-- modulesTab.FlightDashboardFlightPassengers -->
