<?xml version="1.0" encoding="UTF-8"?>
<!-- Generated by org.testng.reporters.JUnitReportReporter -->
<testsuite skipped="0" hostname="AMJT" name="modules.AgencyPerformance" tests="10" failures="0" timestamp="17 Jul 2018 08:11:55 GMT" time="68.846" errors="0">
  <testcase name="clickClearFilters" time="2.985" classname="modules.AgencyPerformance"/>
  <testcase name="checkBoxFilterAgentGroups" time="7.262" classname="modules.AgencyPerformance"/>
  <testcase name="selectFilterYear" time="2.460" classname="modules.AgencyPerformance"/>
  <testcase name="checkBoxFilterNoTax" time="17.710" classname="modules.AgencyPerformance"/>
  <testcase name="checkBoxFilterIATANo" time="9.876" classname="modules.AgencyPerformance"/>
  <testcase name="selectFilterMonth" time="2.755" classname="modules.AgencyPerformance"/>
  <testcase name="selectFilterPBNR" time="0.741" classname="modules.AgencyPerformance"/>
  <testcase name="clickAgencyPerformanceTab" time="0.206" classname="modules.AgencyPerformance"/>
  <testcase name="clickSetFilters" time="14.442" classname="modules.AgencyPerformance"/>
  <testcase name="checkBoxFilterDomInt" time="10.409" classname="modules.AgencyPerformance"/>
</testsuite> <!-- modules.AgencyPerformance -->
