<?xml version="1.0" encoding="UTF-8"?>
<!-- Generated by org.testng.reporters.JUnitReportReporter -->
<testsuite skipped="0" hostname="AMJT" name="modulesTab.FaresDashboardFaresDashboard" tests="14" failures="0" timestamp="25 Oct 2018 08:23:04 GMT" time="210.087" errors="0">
  <testcase name="checkBoxFilterAgentGroups" time="6.745" classname="modulesTab.FaresDashboardFaresDashboard"/>
  <testcase name="checkBoxFilterIATANo" time="11.612" classname="modulesTab.FaresDashboardFaresDashboard"/>
  <testcase name="selectFilterYear" time="2.541" classname="modulesTab.FaresDashboardFaresDashboard"/>
  <testcase name="selectFilterMonth" time="2.039" classname="modulesTab.FaresDashboardFaresDashboard"/>
  <testcase name="checkBoxFilterMarketedCarrier" time="38.372" classname="modulesTab.FaresDashboardFaresDashboard"/>
  <testcase name="checkBoxFilterClasses" time="49.375" classname="modulesTab.FaresDashboardFaresDashboard"/>
  <testcase name="checkBoxFilterDomInt" time="14.365" classname="modulesTab.FaresDashboardFaresDashboard"/>
  <testcase name="selectFilterPBNR" time="3.103" classname="modulesTab.FaresDashboardFaresDashboard"/>
  <testcase name="checkBoxFilterPlatedCarrier" time="9.223" classname="modulesTab.FaresDashboardFaresDashboard"/>
  <testcase name="checkBoxFilterPlatedYear" time="13.012" classname="modulesTab.FaresDashboardFaresDashboard"/>
  <testcase name="checkBoxFilterPlatedMonth" time="35.356" classname="modulesTab.FaresDashboardFaresDashboard"/>
  <testcase name="selectFilterLimit" time="1.853" classname="modulesTab.FaresDashboardFaresDashboard"/>
  <testcase name="checkBoxFilterNoTax" time="16.120" classname="modulesTab.FaresDashboardFaresDashboard"/>
  <testcase name="clickClearFilters" time="6.371" classname="modulesTab.FaresDashboardFaresDashboard"/>
</testsuite> <!-- modulesTab.FaresDashboardFaresDashboard -->
