<?xml version="1.0" encoding="UTF-8"?>
<!-- Generated by org.testng.reporters.JUnitReportReporter -->
<testsuite skipped="0" hostname="AMJT" name="modulesTab.TicketedRevenueMetricsCurrentYearVsLastYear" tests="1" failures="0" timestamp="10 Oct 2018 03:22:30 GMT" time="9.110" errors="0">
  <testcase name="checkBoxFilterCarrier" time="9.110" classname="modulesTab.TicketedRevenueMetricsCurrentYearVsLastYear"/>
</testsuite> <!-- modulesTab.TicketedRevenueMetricsCurrentYearVsLastYear -->
