<?xml version="1.0" encoding="UTF-8"?>
<!-- Generated by org.testng.reporters.JUnitReportReporter -->
<testsuite skipped="0" hostname="AMJT" name="modulesTab.FaresDashboardCumulativeFaresDashboard" tests="14" failures="0" timestamp="25 Oct 2018 08:23:04 GMT" time="168.318" errors="0">
  <testcase name="checkBoxFilterAgentGroups" time="6.688" classname="modulesTab.FaresDashboardCumulativeFaresDashboard"/>
  <testcase name="checkBoxFilterIATANo" time="11.069" classname="modulesTab.FaresDashboardCumulativeFaresDashboard"/>
  <testcase name="selectFilterYear" time="2.353" classname="modulesTab.FaresDashboardCumulativeFaresDashboard"/>
  <testcase name="selectFilterMonth" time="1.444" classname="modulesTab.FaresDashboardCumulativeFaresDashboard"/>
  <testcase name="checkBoxFilterMarketedCarrier" time="31.164" classname="modulesTab.FaresDashboardCumulativeFaresDashboard"/>
  <testcase name="checkBoxFilterClasses" time="38.140" classname="modulesTab.FaresDashboardCumulativeFaresDashboard"/>
  <testcase name="checkBoxFilterDomInt" time="10.764" classname="modulesTab.FaresDashboardCumulativeFaresDashboard"/>
  <testcase name="selectFilterPBNR" time="0.847" classname="modulesTab.FaresDashboardCumulativeFaresDashboard"/>
  <testcase name="checkBoxFilterPlatedCarrier" time="8.271" classname="modulesTab.FaresDashboardCumulativeFaresDashboard"/>
  <testcase name="checkBoxFilterPlatedYear" time="12.028" classname="modulesTab.FaresDashboardCumulativeFaresDashboard"/>
  <testcase name="checkBoxFilterPlatedMonth" time="25.400" classname="modulesTab.FaresDashboardCumulativeFaresDashboard"/>
  <testcase name="selectFilterLimit" time="2.626" classname="modulesTab.FaresDashboardCumulativeFaresDashboard"/>
  <testcase name="checkBoxFilterNoTax" time="13.135" classname="modulesTab.FaresDashboardCumulativeFaresDashboard"/>
  <testcase name="clickClearFilters" time="4.389" classname="modulesTab.FaresDashboardCumulativeFaresDashboard"/>
</testsuite> <!-- modulesTab.FaresDashboardCumulativeFaresDashboard -->
