<?xml version="1.0" encoding="UTF-8"?>
<!-- Generated by org.testng.reporters.JUnitReportReporter -->
<testsuite skipped="0" hostname="AMJT" name="base.SegmentsDashboard" tests="1" failures="0" timestamp="22 Aug 2018 04:21:45 GMT" time="10.201" errors="0">
  <testcase name="clickSegmentsDashboardLink" time="10.201" classname="base.SegmentsDashboard"/>
</testsuite> <!-- base.SegmentsDashboard -->
