<?xml version="1.0" encoding="UTF-8"?>
<!-- Generated by org.testng.reporters.JUnitReportReporter -->
<testsuite skipped="0" hostname="AMJT" name="modulesTab.SingleFlightDashboardCumulativeSingleFlightRevenue" tests="13" failures="0" timestamp="27 Aug 2018 04:12:31 GMT" time="173.319" errors="0">
  <testcase name="checkBoxFilterAgentGroups" time="6.701" classname="modulesTab.SingleFlightDashboardCumulativeSingleFlightRevenue"/>
  <testcase name="checkBoxFilterIATANo" time="44.013" classname="modulesTab.SingleFlightDashboardCumulativeSingleFlightRevenue"/>
  <testcase name="selectFilterYear" time="1.906" classname="modulesTab.SingleFlightDashboardCumulativeSingleFlightRevenue"/>
  <testcase name="selectFilterMonth" time="1.338" classname="modulesTab.SingleFlightDashboardCumulativeSingleFlightRevenue"/>
  <testcase name="checkBoxFilterMarketedCarrier" time="42.002" classname="modulesTab.SingleFlightDashboardCumulativeSingleFlightRevenue"/>
  <testcase name="checkBoxFilterDomInt" time="10.135" classname="modulesTab.SingleFlightDashboardCumulativeSingleFlightRevenue"/>
  <testcase name="selectFilterPBNR" time="0.859" classname="modulesTab.SingleFlightDashboardCumulativeSingleFlightRevenue"/>
  <testcase name="checkBoxFilterPlatedCarrier" time="8.756" classname="modulesTab.SingleFlightDashboardCumulativeSingleFlightRevenue"/>
  <testcase name="checkBoxFilterPlatedYear" time="10.248" classname="modulesTab.SingleFlightDashboardCumulativeSingleFlightRevenue"/>
  <testcase name="checkBoxFilterPlatedMonth" time="21.087" classname="modulesTab.SingleFlightDashboardCumulativeSingleFlightRevenue"/>
  <testcase name="inputBoxFilterFlightNo" time="10.838" classname="modulesTab.SingleFlightDashboardCumulativeSingleFlightRevenue"/>
  <testcase name="selectFilterLimit" time="2.949" classname="modulesTab.SingleFlightDashboardCumulativeSingleFlightRevenue"/>
  <testcase name="checkBoxFilterNoTax" time="12.487" classname="modulesTab.SingleFlightDashboardCumulativeSingleFlightRevenue"/>
</testsuite> <!-- modulesTab.SingleFlightDashboardCumulativeSingleFlightRevenue -->
