<?xml version="1.0" encoding="UTF-8"?>
<!-- Generated by org.testng.reporters.JUnitReportReporter -->
<testsuite skipped="0" hostname="AMJT" name="base.DestinationDashboard" tests="1" failures="0" timestamp="26 Aug 2018 02:04:45 GMT" time="12.141" errors="0">
  <testcase name="clickDestinationDashboardLink" time="12.141" classname="base.DestinationDashboard"/>
</testsuite> <!-- base.DestinationDashboard -->
