<?xml version="1.0" encoding="UTF-8"?>
<!-- Generated by org.testng.reporters.JUnitReportReporter -->
<testsuite skipped="0" hostname="AMJT" name="modulesTab.DestinationDashboardDestinationRevenue" tests="10" failures="0" timestamp="26 Aug 2018 02:04:45 GMT" time="54.908" errors="0">
  <testcase name="checkBoxFilterCarrier" time="9.161" classname="modulesTab.DestinationDashboardDestinationRevenue"/>
  <testcase name="selectFilterYear" time="1.318" classname="modulesTab.DestinationDashboardDestinationRevenue"/>
  <testcase name="selectFilterMonth" time="1.522" classname="modulesTab.DestinationDashboardDestinationRevenue"/>
  <testcase name="checkBoxFilterAgentGroups" time="7.077" classname="modulesTab.DestinationDashboardDestinationRevenue"/>
  <testcase name="checkBoxFilterIATANo" time="12.550" classname="modulesTab.DestinationDashboardDestinationRevenue"/>
  <testcase name="checkBoxFilterDomInt" time="9.989" classname="modulesTab.DestinationDashboardDestinationRevenue"/>
  <testcase name="selectFilterPBNR" time="1.221" classname="modulesTab.DestinationDashboardDestinationRevenue"/>
  <testcase name="clickCheckBoxIncludeTax" time="0.300" classname="modulesTab.DestinationDashboardDestinationRevenue"/>
  <testcase name="selectFilterLimit" time="2.136" classname="modulesTab.DestinationDashboardDestinationRevenue"/>
  <testcase name="checkBoxFilterNoTax" time="9.634" classname="modulesTab.DestinationDashboardDestinationRevenue"/>
</testsuite> <!-- modulesTab.DestinationDashboardDestinationRevenue -->
