<?xml version="1.0" encoding="UTF-8"?>
<!-- Generated by org.testng.reporters.JUnitReportReporter -->
<testsuite skipped="0" hostname="AMJT" name="base.TicketedRevenueReport" tests="1" failures="0" timestamp="10 Oct 2018 03:22:30 GMT" time="7.834" errors="0">
  <testcase name="clickTicketedRevenueReportLink" time="7.834" classname="base.TicketedRevenueReport"/>
</testsuite> <!-- base.TicketedRevenueReport -->
