<?xml version="1.0" encoding="UTF-8"?>
<!-- Generated by org.testng.reporters.JUnitReportReporter -->
<testsuite skipped="0" hostname="AMJT" name="base.GroupPerformance" tests="1" failures="0" timestamp="22 Aug 2018 04:21:45 GMT" time="2.070" errors="0">
  <testcase name="clickGroupPerformanceLink" time="2.070" classname="base.GroupPerformance"/>
</testsuite> <!-- base.GroupPerformance -->
