<?xml version="1.0" encoding="UTF-8"?>
<!-- Generated by org.testng.reporters.JUnitReportReporter -->
<testsuite skipped="0" hostname="AMJT" name="modulesTab.AirlineDashboardAirlineSummary" tests="10" failures="0" timestamp="22 Aug 2018 04:21:45 GMT" time="128.119" errors="0">
  <testcase name="checkBoxFilterMarketedCarrier" time="36.122" classname="modulesTab.AirlineDashboardAirlineSummary"/>
  <testcase name="checkBoxFilterPlatedCarrier" time="8.261" classname="modulesTab.AirlineDashboardAirlineSummary"/>
  <testcase name="selectFilterYear" time="1.354" classname="modulesTab.AirlineDashboardAirlineSummary"/>
  <testcase name="selectFilterMonth" time="3.141" classname="modulesTab.AirlineDashboardAirlineSummary"/>
  <testcase name="checkBoxFilterAgentGroups" time="6.991" classname="modulesTab.AirlineDashboardAirlineSummary"/>
  <testcase name="checkBoxFilterIATANo" time="15.687" classname="modulesTab.AirlineDashboardAirlineSummary"/>
  <testcase name="checkBoxFilterDomInt" time="11.873" classname="modulesTab.AirlineDashboardAirlineSummary"/>
  <testcase name="selectFilterPBNR" time="0.874" classname="modulesTab.AirlineDashboardAirlineSummary"/>
  <testcase name="checkBoxFilterTransCode" time="31.814" classname="modulesTab.AirlineDashboardAirlineSummary"/>
  <testcase name="checkBoxFilterNoTax" time="12.002" classname="modulesTab.AirlineDashboardAirlineSummary"/>
</testsuite> <!-- modulesTab.AirlineDashboardAirlineSummary -->
