<?xml version="1.0" encoding="UTF-8"?>
<!-- Generated by org.testng.reporters.JUnitReportReporter -->
<testsuite skipped="0" hostname="AMJT" name="modules.CumulativePerformance" tests="10" failures="0" timestamp="17 Jul 2018 08:11:55 GMT" time="67.851" errors="0">
  <testcase name="checkBoxFilterAgentGroups" time="7.185" classname="modules.CumulativePerformance"/>
  <testcase name="selectFilterYear" time="1.711" classname="modules.CumulativePerformance"/>
  <testcase name="clickSetFilters" time="17.510" classname="modules.CumulativePerformance"/>
  <testcase name="checkBoxFilterDomInt" time="17.219" classname="modules.CumulativePerformance"/>
  <testcase name="checkBoxFilterNoTax" time="9.619" classname="modules.CumulativePerformance"/>
  <testcase name="selectFilterMonth" time="1.319" classname="modules.CumulativePerformance"/>
  <testcase name="selectFilterPBNR" time="0.716" classname="modules.CumulativePerformance"/>
  <testcase name="clickClearFilters" time="3.087" classname="modules.CumulativePerformance"/>
  <testcase name="clickCumulativePerformanceTab" time="0.218" classname="modules.CumulativePerformance"/>
  <testcase name="checkBoxFilterIATANo" time="9.267" classname="modules.CumulativePerformance"/>
</testsuite> <!-- modules.CumulativePerformance -->
