<?xml version="1.0" encoding="UTF-8"?>
<!-- Generated by org.testng.reporters.JUnitReportReporter -->
<testsuite skipped="0" hostname="AMJT" name="modulesTab.FlightDashboardFlightRevenue" tests="13" failures="0" timestamp="09 Sep 2018 10:59:49 GMT" time="229.360" errors="0">
  <testcase name="checkBoxFilterAgentGroups" time="7.231" classname="modulesTab.FlightDashboardFlightRevenue"/>
  <testcase name="checkBoxFilterIATANo" time="42.056" classname="modulesTab.FlightDashboardFlightRevenue"/>
  <testcase name="selectFilterYear" time="1.581" classname="modulesTab.FlightDashboardFlightRevenue"/>
  <testcase name="selectFilterMonth" time="1.159" classname="modulesTab.FlightDashboardFlightRevenue"/>
  <testcase name="checkBoxFilterMarketedCarrier" time="57.006" classname="modulesTab.FlightDashboardFlightRevenue"/>
  <testcase name="checkBoxFilterDomInt" time="15.024" classname="modulesTab.FlightDashboardFlightRevenue"/>
  <testcase name="selectFilterPBNR" time="1.580" classname="modulesTab.FlightDashboardFlightRevenue"/>
  <testcase name="checkBoxFilterPlatedCarrier" time="9.421" classname="modulesTab.FlightDashboardFlightRevenue"/>
  <testcase name="checkBoxFilterPlatedYear" time="15.109" classname="modulesTab.FlightDashboardFlightRevenue"/>
  <testcase name="checkBoxFilterPlatedMonth" time="37.509" classname="modulesTab.FlightDashboardFlightRevenue"/>
  <testcase name="selectFilterLimit" time="14.467" classname="modulesTab.FlightDashboardFlightRevenue"/>
  <testcase name="checkBoxFilterNoTax" time="16.305" classname="modulesTab.FlightDashboardFlightRevenue"/>
  <testcase name="clickClearFilters" time="10.912" classname="modulesTab.FlightDashboardFlightRevenue"/>
</testsuite> <!-- modulesTab.FlightDashboardFlightRevenue -->
