<?xml version="1.0" encoding="UTF-8"?>
<!-- Generated by org.testng.reporters.JUnitReportReporter -->
<testsuite skipped="0" hostname="AMJT" name="modulesTab.GroupPerformanceAgencyPerformance" tests="7" failures="0" timestamp="22 Aug 2018 04:21:45 GMT" time="40.247" errors="0">
  <testcase name="selectFilterYear" time="1.906" classname="modulesTab.GroupPerformanceAgencyPerformance"/>
  <testcase name="selectFilterMonth" time="1.150" classname="modulesTab.GroupPerformanceAgencyPerformance"/>
  <testcase name="checkBoxFilterAgentGroups" time="7.492" classname="modulesTab.GroupPerformanceAgencyPerformance"/>
  <testcase name="checkBoxFilterIATANo" time="9.265" classname="modulesTab.GroupPerformanceAgencyPerformance"/>
  <testcase name="checkBoxFilterDomInt" time="9.035" classname="modulesTab.GroupPerformanceAgencyPerformance"/>
  <testcase name="selectFilterPBNR" time="0.747" classname="modulesTab.GroupPerformanceAgencyPerformance"/>
  <testcase name="checkBoxFilterNoTax" time="10.652" classname="modulesTab.GroupPerformanceAgencyPerformance"/>
</testsuite> <!-- modulesTab.GroupPerformanceAgencyPerformance -->
