<?xml version="1.0" encoding="UTF-8"?>
<!-- Generated by org.testng.reporters.JUnitReportReporter -->
<testsuite skipped="0" hostname="AMJT" name="modulesTab.GroupPerformanceCumulativePerformance" tests="7" failures="0" timestamp="22 Aug 2018 04:21:45 GMT" time="53.083" errors="0">
  <testcase name="selectFilterYear" time="1.885" classname="modulesTab.GroupPerformanceCumulativePerformance"/>
  <testcase name="selectFilterMonth" time="1.652" classname="modulesTab.GroupPerformanceCumulativePerformance"/>
  <testcase name="checkBoxFilterAgentGroups" time="7.152" classname="modulesTab.GroupPerformanceCumulativePerformance"/>
  <testcase name="checkBoxFilterIATANo" time="12.455" classname="modulesTab.GroupPerformanceCumulativePerformance"/>
  <testcase name="checkBoxFilterDomInt" time="19.376" classname="modulesTab.GroupPerformanceCumulativePerformance"/>
  <testcase name="selectFilterPBNR" time="0.779" classname="modulesTab.GroupPerformanceCumulativePerformance"/>
  <testcase name="checkBoxFilterNoTax" time="9.784" classname="modulesTab.GroupPerformanceCumulativePerformance"/>
</testsuite> <!-- modulesTab.GroupPerformanceCumulativePerformance -->
